[2022-12-02 13:49:03] local.ERROR: The email has already been taken. {"exception":"[object] (Illuminate\\Validation\\ValidationException(code: 0): The email has already been taken. at C:\\Laravel\\lumen\\vendor\\laravel\\lumen-framework\\src\\Routing\\ProvidesConvenienceMethods.php:99)
[stacktrace]
#0 C:\\Laravel\\lumen\\vendor\\laravel\\lumen-framework\\src\\Routing\\ProvidesConvenienceMethods.php(68): Laravel\\Lumen\\Routing\\Controller->throwValidationException(Object(Laravel\\Lumen\\Http\\Request), Object(Illuminate\\Validation\\Validator))
#1 C:\\Laravel\\lumen\\app\\Http\\Controllers\\AuthController.php(31): Laravel\\Lumen\\Routing\\Controller->validate(Object(Laravel\\Lumen\\Http\\Request), Array)
#2 C:\\Laravel\\lumen\\app\\Http\\Controllers\\AuthController.php(15): App\\Http\\Controllers\\AuthController->validateRegister(Object(Laravel\\Lumen\\Http\\Request))
#3 C:\\Laravel\\lumen\\vendor\\illuminate\\container\\BoundMethod.php(36): App\\Http\\Controllers\\AuthController->register(Object(Laravel\\Lumen\\Http\\Request))
#4 C:\\Laravel\\lumen\\vendor\\illuminate\\container\\Util.php(41): Illuminate\\Container\\BoundMethod::Illuminate\\Container\\{closure}()
#5 C:\\Laravel\\lumen\\vendor\\illuminate\\container\\BoundMethod.php(93): Illuminate\\Container\\Util::unwrapIfClosure(Object(Closure))
#6 C:\\Laravel\\lumen\\vendor\\illuminate\\container\\BoundMethod.php(37): Illuminate\\Container\\BoundMethod::callBoundMethod(Object(Laravel\\Lumen\\Application), Array, Object(Closure))
#7 C:\\Laravel\\lumen\\vendor\\illuminate\\container\\Container.php(651): Illuminate\\Container\\BoundMethod::call(Object(Laravel\\Lumen\\Application), Array, Array, NULL)
#8 C:\\Laravel\\lumen\\vendor\\laravel\\lumen-framework\\src\\Concerns\\RoutesRequests.php(391): Illuminate\\Container\\Container->call(Array, Array)
#9 C:\\Laravel\\lumen\\vendor\\laravel\\lumen-framework\\src\\Concerns\\RoutesRequests.php(357): Laravel\\Lumen\\Application->callControllerCallable(Array, Array)
#10 C:\\Laravel\\lumen\\vendor\\laravel\\lumen-framework\\src\\Concerns\\RoutesRequests.php(331): Laravel\\Lumen\\Application->callLumenController(Object(App\\Http\\Controllers\\AuthController), 'register', Array)
#11 C:\\Laravel\\lumen\\vendor\\laravel\\lumen-framework\\src\\Concerns\\RoutesRequests.php(284): Laravel\\Lumen\\Application->callControllerAction(Array)
#12 C:\\Laravel\\lumen\\vendor\\laravel\\lumen-framework\\src\\Concerns\\RoutesRequests.php(269): Laravel\\Lumen\\Application->callActionOnArrayBasedRoute(Array)
#13 C:\\Laravel\\lumen\\vendor\\laravel\\lumen-framework\\src\\Concerns\\RoutesRequests.php(171): Laravel\\Lumen\\Application->handleFoundRoute(Array)
#14 C:\\Laravel\\lumen\\vendor\\laravel\\lumen-framework\\src\\Concerns\\RoutesRequests.php(431): Laravel\\Lumen\\Application->Laravel\\Lumen\\Concerns\\{closure}(Object(Laravel\\Lumen\\Http\\Request))
#15 C:\\Laravel\\lumen\\vendor\\laravel\\lumen-framework\\src\\Concerns\\RoutesRequests.php(177): Laravel\\Lumen\\Application->sendThroughPipeline(Array, Object(Closure))
#16 C:\\Laravel\\lumen\\vendor\\laravel\\lumen-framework\\src\\Concerns\\RoutesRequests.php(112): Laravel\\Lumen\\Application->dispatch(NULL)
#17 C:\\Laravel\\lumen\\public\\index.php(5): Laravel\\Lumen\\Application->run()
#18 {main}
"} 
[2022-12-02 13:49:11] local.ERROR: The HTTP status code "0" is not valid. {"exception":"[object] (InvalidArgumentException(code: 0): The HTTP status code \"0\" is not valid. at C:\\Laravel\\lumen\\vendor\\symfony\\http-foundation\\Response.php:451)
[stacktrace]
#0 C:\\Laravel\\lumen\\vendor\\symfony\\http-foundation\\Response.php(223): Symfony\\Component\\HttpFoundation\\Response->setStatusCode(0)
#1 C:\\Laravel\\lumen\\vendor\\symfony\\http-foundation\\JsonResponse.php(41): Symfony\\Component\\HttpFoundation\\Response->__construct('', 0, Array)
#2 C:\\Laravel\\lumen\\vendor\\illuminate\\http\\JsonResponse.php(32): Symfony\\Component\\HttpFoundation\\JsonResponse->__construct(Array, 0, Array, false)
#3 C:\\Laravel\\lumen\\vendor\\laravel\\lumen-framework\\src\\Http\\ResponseFactory.php(40): Illuminate\\Http\\JsonResponse->__construct(Array, 0, Array, 0)
#4 C:\\Laravel\\lumen\\app\\Traits\\ApiResponse.php(11): Laravel\\Lumen\\Http\\ResponseFactory->json(Array, 0)
#5 C:\\Laravel\\lumen\\app\\Http\\Controllers\\AuthController.php(24): App\\Http\\Controllers\\Controller->respondWithError('Error occurred', 'Method [logins]...', 0)
#6 C:\\Laravel\\lumen\\vendor\\illuminate\\container\\BoundMethod.php(36): App\\Http\\Controllers\\AuthController->register(Object(Laravel\\Lumen\\Http\\Request))
#7 C:\\Laravel\\lumen\\vendor\\illuminate\\container\\Util.php(41): Illuminate\\Container\\BoundMethod::Illuminate\\Container\\{closure}()
#8 C:\\Laravel\\lumen\\vendor\\illuminate\\container\\BoundMethod.php(93): Illuminate\\Container\\Util::unwrapIfClosure(Object(Closure))
#9 C:\\Laravel\\lumen\\vendor\\illuminate\\container\\BoundMethod.php(37): Illuminate\\Container\\BoundMethod::callBoundMethod(Object(Laravel\\Lumen\\Application), Array, Object(Closure))
#10 C:\\Laravel\\lumen\\vendor\\illuminate\\container\\Container.php(651): Illuminate\\Container\\BoundMethod::call(Object(Laravel\\Lumen\\Application), Array, Array, NULL)
#11 C:\\Laravel\\lumen\\vendor\\laravel\\lumen-framework\\src\\Concerns\\RoutesRequests.php(391): Illuminate\\Container\\Container->call(Array, Array)
#12 C:\\Laravel\\lumen\\vendor\\laravel\\lumen-framework\\src\\Concerns\\RoutesRequests.php(357): Laravel\\Lumen\\Application->callControllerCallable(Array, Array)
#13 C:\\Laravel\\lumen\\vendor\\laravel\\lumen-framework\\src\\Concerns\\RoutesRequests.php(331): Laravel\\Lumen\\Application->callLumenController(Object(App\\Http\\Controllers\\AuthController), 'register', Array)
#14 C:\\Laravel\\lumen\\vendor\\laravel\\lumen-framework\\src\\Concerns\\RoutesRequests.php(284): Laravel\\Lumen\\Application->callControllerAction(Array)
#15 C:\\Laravel\\lumen\\vendor\\laravel\\lumen-framework\\src\\Concerns\\RoutesRequests.php(269): Laravel\\Lumen\\Application->callActionOnArrayBasedRoute(Array)
#16 C:\\Laravel\\lumen\\vendor\\laravel\\lumen-framework\\src\\Concerns\\RoutesRequests.php(171): Laravel\\Lumen\\Application->handleFoundRoute(Array)
#17 C:\\Laravel\\lumen\\vendor\\laravel\\lumen-framework\\src\\Concerns\\RoutesRequests.php(431): Laravel\\Lumen\\Application->Laravel\\Lumen\\Concerns\\{closure}(Object(Laravel\\Lumen\\Http\\Request))
#18 C:\\Laravel\\lumen\\vendor\\laravel\\lumen-framework\\src\\Concerns\\RoutesRequests.php(177): Laravel\\Lumen\\Application->sendThroughPipeline(Array, Object(Closure))
#19 C:\\Laravel\\lumen\\vendor\\laravel\\lumen-framework\\src\\Concerns\\RoutesRequests.php(112): Laravel\\Lumen\\Application->dispatch(NULL)
#20 C:\\Laravel\\lumen\\public\\index.php(5): Laravel\\Lumen\\Application->run()
#21 {main}
"} 
[2022-12-02 13:52:47] local.ERROR: The email has already been taken. {"exception":"[object] (Illuminate\\Validation\\ValidationException(code: 0): The email has already been taken. at C:\\Laravel\\lumen\\vendor\\laravel\\lumen-framework\\src\\Routing\\ProvidesConvenienceMethods.php:99)
[stacktrace]
#0 C:\\Laravel\\lumen\\vendor\\laravel\\lumen-framework\\src\\Routing\\ProvidesConvenienceMethods.php(68): Laravel\\Lumen\\Routing\\Controller->throwValidationException(Object(Laravel\\Lumen\\Http\\Request), Object(Illuminate\\Validation\\Validator))
#1 C:\\Laravel\\lumen\\app\\Http\\Controllers\\AuthController.php(36): Laravel\\Lumen\\Routing\\Controller->validate(Object(Laravel\\Lumen\\Http\\Request), Array)
#2 C:\\Laravel\\lumen\\app\\Http\\Controllers\\AuthController.php(15): App\\Http\\Controllers\\AuthController->validateRegister(Object(Laravel\\Lumen\\Http\\Request))
#3 C:\\Laravel\\lumen\\vendor\\illuminate\\container\\BoundMethod.php(36): App\\Http\\Controllers\\AuthController->register(Object(Laravel\\Lumen\\Http\\Request))
#4 C:\\Laravel\\lumen\\vendor\\illuminate\\container\\Util.php(41): Illuminate\\Container\\BoundMethod::Illuminate\\Container\\{closure}()
#5 C:\\Laravel\\lumen\\vendor\\illuminate\\container\\BoundMethod.php(93): Illuminate\\Container\\Util::unwrapIfClosure(Object(Closure))
#6 C:\\Laravel\\lumen\\vendor\\illuminate\\container\\BoundMethod.php(37): Illuminate\\Container\\BoundMethod::callBoundMethod(Object(Laravel\\Lumen\\Application), Array, Object(Closure))
#7 C:\\Laravel\\lumen\\vendor\\illuminate\\container\\Container.php(651): Illuminate\\Container\\BoundMethod::call(Object(Laravel\\Lumen\\Application), Array, Array, NULL)
#8 C:\\Laravel\\lumen\\vendor\\laravel\\lumen-framework\\src\\Concerns\\RoutesRequests.php(391): Illuminate\\Container\\Container->call(Array, Array)
#9 C:\\Laravel\\lumen\\vendor\\laravel\\lumen-framework\\src\\Concerns\\RoutesRequests.php(357): Laravel\\Lumen\\Application->callControllerCallable(Array, Array)
#10 C:\\Laravel\\lumen\\vendor\\laravel\\lumen-framework\\src\\Concerns\\RoutesRequests.php(331): Laravel\\Lumen\\Application->callLumenController(Object(App\\Http\\Controllers\\AuthController), 'register', Array)
#11 C:\\Laravel\\lumen\\vendor\\laravel\\lumen-framework\\src\\Concerns\\RoutesRequests.php(284): Laravel\\Lumen\\Application->callControllerAction(Array)
#12 C:\\Laravel\\lumen\\vendor\\laravel\\lumen-framework\\src\\Concerns\\RoutesRequests.php(269): Laravel\\Lumen\\Application->callActionOnArrayBasedRoute(Array)
#13 C:\\Laravel\\lumen\\vendor\\laravel\\lumen-framework\\src\\Concerns\\RoutesRequests.php(171): Laravel\\Lumen\\Application->handleFoundRoute(Array)
#14 C:\\Laravel\\lumen\\vendor\\laravel\\lumen-framework\\src\\Concerns\\RoutesRequests.php(431): Laravel\\Lumen\\Application->Laravel\\Lumen\\Concerns\\{closure}(Object(Laravel\\Lumen\\Http\\Request))
#15 C:\\Laravel\\lumen\\vendor\\laravel\\lumen-framework\\src\\Concerns\\RoutesRequests.php(177): Laravel\\Lumen\\Application->sendThroughPipeline(Array, Object(Closure))
#16 C:\\Laravel\\lumen\\vendor\\laravel\\lumen-framework\\src\\Concerns\\RoutesRequests.php(112): Laravel\\Lumen\\Application->dispatch(NULL)
#17 C:\\Laravel\\lumen\\public\\index.php(5): Laravel\\Lumen\\Application->run()
#18 {main}
"} 
[2022-12-02 14:10:37] local.ERROR: The email has already been taken. {"exception":"[object] (Illuminate\\Validation\\ValidationException(code: 0): The email has already been taken. at C:\\Laravel\\lumen\\vendor\\laravel\\lumen-framework\\src\\Routing\\ProvidesConvenienceMethods.php:99)
[stacktrace]
#0 C:\\Laravel\\lumen\\vendor\\laravel\\lumen-framework\\src\\Routing\\ProvidesConvenienceMethods.php(68): Laravel\\Lumen\\Routing\\Controller->throwValidationException(Object(Laravel\\Lumen\\Http\\Request), Object(Illuminate\\Validation\\Validator))
#1 C:\\Laravel\\lumen\\app\\Http\\Controllers\\AuthController.php(36): Laravel\\Lumen\\Routing\\Controller->validate(Object(Laravel\\Lumen\\Http\\Request), Array)
#2 C:\\Laravel\\lumen\\app\\Http\\Controllers\\AuthController.php(15): App\\Http\\Controllers\\AuthController->validateRegister(Object(Laravel\\Lumen\\Http\\Request))
#3 C:\\Laravel\\lumen\\vendor\\illuminate\\container\\BoundMethod.php(36): App\\Http\\Controllers\\AuthController->register(Object(Laravel\\Lumen\\Http\\Request))
#4 C:\\Laravel\\lumen\\vendor\\illuminate\\container\\Util.php(41): Illuminate\\Container\\BoundMethod::Illuminate\\Container\\{closure}()
#5 C:\\Laravel\\lumen\\vendor\\illuminate\\container\\BoundMethod.php(93): Illuminate\\Container\\Util::unwrapIfClosure(Object(Closure))
#6 C:\\Laravel\\lumen\\vendor\\illuminate\\container\\BoundMethod.php(37): Illuminate\\Container\\BoundMethod::callBoundMethod(Object(Laravel\\Lumen\\Application), Array, Object(Closure))
#7 C:\\Laravel\\lumen\\vendor\\illuminate\\container\\Container.php(651): Illuminate\\Container\\BoundMethod::call(Object(Laravel\\Lumen\\Application), Array, Array, NULL)
#8 C:\\Laravel\\lumen\\vendor\\laravel\\lumen-framework\\src\\Concerns\\RoutesRequests.php(391): Illuminate\\Container\\Container->call(Array, Array)
#9 C:\\Laravel\\lumen\\vendor\\laravel\\lumen-framework\\src\\Concerns\\RoutesRequests.php(357): Laravel\\Lumen\\Application->callControllerCallable(Array, Array)
#10 C:\\Laravel\\lumen\\vendor\\laravel\\lumen-framework\\src\\Concerns\\RoutesRequests.php(331): Laravel\\Lumen\\Application->callLumenController(Object(App\\Http\\Controllers\\AuthController), 'register', Array)
#11 C:\\Laravel\\lumen\\vendor\\laravel\\lumen-framework\\src\\Concerns\\RoutesRequests.php(284): Laravel\\Lumen\\Application->callControllerAction(Array)
#12 C:\\Laravel\\lumen\\vendor\\laravel\\lumen-framework\\src\\Concerns\\RoutesRequests.php(269): Laravel\\Lumen\\Application->callActionOnArrayBasedRoute(Array)
#13 C:\\Laravel\\lumen\\vendor\\laravel\\lumen-framework\\src\\Concerns\\RoutesRequests.php(171): Laravel\\Lumen\\Application->handleFoundRoute(Array)
#14 C:\\Laravel\\lumen\\vendor\\laravel\\lumen-framework\\src\\Concerns\\RoutesRequests.php(431): Laravel\\Lumen\\Application->Laravel\\Lumen\\Concerns\\{closure}(Object(Laravel\\Lumen\\Http\\Request))
#15 C:\\Laravel\\lumen\\vendor\\laravel\\lumen-framework\\src\\Concerns\\RoutesRequests.php(177): Laravel\\Lumen\\Application->sendThroughPipeline(Array, Object(Closure))
#16 C:\\Laravel\\lumen\\vendor\\laravel\\lumen-framework\\src\\Concerns\\RoutesRequests.php(112): Laravel\\Lumen\\Application->dispatch(NULL)
#17 C:\\Laravel\\lumen\\public\\index.php(5): Laravel\\Lumen\\Application->run()
#18 {main}
"} 
